<?xml version="1.0" encoding="UTF-8"?>
<!-- Generated by org.testng.reporters.JUnitReportReporter -->
<testsuite hostname="IMRAN" failures="0" tests="1" name="com.nopcommerce.demo.testCases.Login" time="5.503" errors="0" timestamp="2022-09-20T16:07:07 BDT" skipped="0">
  <testcase classname="com.nopcommerce.demo.testCases.Login" name="LoginTest" time="5.503"/>
  <system-out/>
</testsuite> <!-- com.nopcommerce.demo.testCases.Login -->
