<?xml version="1.0" encoding="UTF-8"?>
<!-- Generated by org.testng.reporters.JUnitReportReporter -->
<testsuite hostname="IMRAN" failures="0" tests="1" name="testcases.Login" time="3.464" errors="0" timestamp="2022-09-16T16:36:02 BDT" skipped="0">
  <testcase classname="testcases.Login" name="LoginTest" time="3.464"/>
  <system-out/>
</testsuite> <!-- testcases.Login -->
