<?xml version="1.0" encoding="UTF-8"?>
<!-- Generated by org.testng.reporters.JUnitReportReporter -->
<testsuite hostname="IMRAN" failures="0" tests="1" name="testcases.Login" time="3.920" errors="0" timestamp="2022-09-16T15:43:29 BDT" skipped="0">
  <testcase classname="testcases.Login" name="LoginTest" time="3.920"/>
  <system-out/>
</testsuite> <!-- testcases.Login -->
