<?xml version="1.0" encoding="UTF-8"?>
<!-- Generated by org.testng.reporters.JUnitReportReporter -->
<testsuite hostname="IMRAN" failures="0" tests="1" name="com.nopcommerce.demo.testCases.Login" time="3.856" errors="0" timestamp="2022-09-16T19:17:13 BDT" skipped="0">
  <testcase classname="com.nopcommerce.demo.testCases.Login" name="LoginTest" time="3.856"/>
  <system-out/>
</testsuite> <!-- com.nopcommerce.demo.testCases.Login -->
